# JRE version: OpenJDK Runtime Environment (7.0_79-b14) (build 1.7.0_79-b14)
# Java VM: OpenJDK 64-Bit Server VM (24.79-b02 mixed mode linux-amd64 compressed oops)
Heap
 PSYoungGen      total 66048K, used 512K [0x00000000f2200000, 0x00000000f6300000, 0x0000000100000000)
  eden space 65536K, 0% used [0x00000000f2200000,0x00000000f2200000,0x00000000f6200000)
  from space 512K, 100% used [0x00000000f6200000,0x00000000f6280000,0x00000000f6280000)
  to   space 512K, 0% used [0x00000000f6280000,0x00000000f6280000,0x00000000f6300000)
 ParOldGen       total 19968K, used 1524K [0x00000000d6600000, 0x00000000d7980000, 0x00000000f2200000)
  object space 19968K, 7% used [0x00000000d6600000,0x00000000d677d070,0x00000000d7980000)
 PSPermGen       total 21504K, used 6872K [0x00000000cc000000, 0x00000000cd500000, 0x00000000d6600000)
  object space 21504K, 31% used [0x00000000cc000000,0x00000000cc6b60c0,0x00000000cd500000)
GC Heap History (10 events):
Event: 0,469 GC heap after
Heap after GC invocations=2 (full 0):
 PSYoungGen      total 17408K, used 352K [0x00000000f2200000, 0x00000000f3400000, 0x0000000100000000)
  eden space 16384K, 0% used [0x00000000f2200000,0x00000000f2200000,0x00000000f3200000)
  from space 1024K, 34% used [0x00000000f3300000,0x00000000f3358000,0x00000000f3400000)
  to   space 1024K, 0% used [0x00000000f3200000,0x00000000f3200000,0x00000000f3300000)
 ParOldGen       total 19968K, used 1200K [0x00000000d6600000, 0x00000000d7980000, 0x00000000f2200000)
  object space 19968K, 6% used [0x00000000d6600000,0x00000000d672c010,0x00000000d7980000)
 PSPermGen       total 21504K, used 3480K [0x00000000cc000000, 0x00000000cd500000, 0x00000000d6600000)
  object space 21504K, 16% used [0x00000000cc000000,0x00000000cc3662f0,0x00000000cd500000)
}
Event: 0,567 GC heap before
{Heap before GC invocations=3 (full 0):
 PSYoungGen      total 17408K, used 16736K [0x00000000f2200000, 0x00000000f3400000, 0x0000000100000000)
  eden space 16384K, 100% used [0x00000000f2200000,0x00000000f3200000,0x00000000f3200000)
  from space 1024K, 34% used [0x00000000f3300000,0x00000000f3358000,0x00000000f3400000)
  to   space 1024K, 0% used [0x00000000f3200000,0x00000000f3200000,0x00000000f3300000)
 ParOldGen       total 19968K, used 1200K [0x00000000d6600000, 0x00000000d7980000, 0x00000000f2200000)
  object space 19968K, 6% used [0x00000000d6600000,0x00000000d672c010,0x00000000d7980000)
 PSPermGen       total 21504K, used 3480K [0x00000000cc000000, 0x00000000cd500000, 0x00000000d6600000)
  object space 21504K, 16% used [0x00000000cc000000,0x00000000cc3662f0,0x00000000cd500000)
Event: 0,570 GC heap after
Heap after GC invocations=3 (full 0):
 PSYoungGen      total 17408K, used 352K [0x00000000f2200000, 0x00000000f4400000, 0x0000000100000000)
  eden space 16384K, 0% used [0x00000000f2200000,0x00000000f2200000,0x00000000f3200000)
  from space 1024K, 34% used [0x00000000f3200000,0x00000000f3258000,0x00000000f3300000)
  to   space 1024K, 0% used [0x00000000f4300000,0x00000000f4300000,0x00000000f4400000)
 ParOldGen       total 19968K, used 1200K [0x00000000d6600000, 0x00000000d7980000, 0x00000000f2200000)
  object space 19968K, 6% used [0x00000000d6600000,0x00000000d672c010,0x00000000d7980000)
 PSPermGen       total 21504K, used 3480K [0x00000000cc000000, 0x00000000cd500000, 0x00000000d6600000)
  object space 21504K, 16% used [0x00000000cc000000,0x00000000cc3662f0,0x00000000cd500000)
}
Event: 0,715 GC heap before
{Heap before GC invocations=4 (full 0):
 PSYoungGen      total 17408K, used 16736K [0x00000000f2200000, 0x00000000f4400000, 0x0000000100000000)
  eden space 16384K, 100% used [0x00000000f2200000,0x00000000f3200000,0x00000000f3200000)
  from space 1024K, 34% used [0x00000000f3200000,0x00000000f3258000,0x00000000f3300000)
  to   space 1024K, 0% used [0x00000000f4300000,0x00000000f4300000,0x00000000f4400000)
 ParOldGen       total 19968K, used 1200K [0x00000000d6600000, 0x00000000d7980000, 0x00000000f2200000)
  object space 19968K, 6% used [0x00000000d6600000,0x00000000d672c010,0x00000000d7980000)
 PSPermGen       total 21504K, used 3480K [0x00000000cc000000, 0x00000000cd500000, 0x00000000d6600000)
  object space 21504K, 16% used [0x00000000cc000000,0x00000000cc3663a8,0x00000000cd500000)
Event: 0,717 GC heap after
Heap after GC invocations=4 (full 0):
 PSYoungGen      total 33792K, used 352K [0x00000000f2200000, 0x00000000f4400000, 0x0000000100000000)
  eden space 32768K, 0% used [0x00000000f2200000,0x00000000f2200000,0x00000000f4200000)
  from space 1024K, 34% used [0x00000000f4300000,0x00000000f4358000,0x00000000f4400000)
  to   space 1024K, 0% used [0x00000000f4200000,0x00000000f4200000,0x00000000f4300000)
 ParOldGen       total 19968K, used 1208K [0x00000000d6600000, 0x00000000d7980000, 0x00000000f2200000)
  object space 19968K, 6% used [0x00000000d6600000,0x00000000d672e010,0x00000000d7980000)
 PSPermGen       total 21504K, used 3480K [0x00000000cc000000, 0x00000000cd500000, 0x00000000d6600000)
  object space 21504K, 16% used [0x00000000cc000000,0x00000000cc3663a8,0x00000000cd500000)
}
Event: 0,862 GC heap before
{Heap before GC invocations=5 (full 0):
 PSYoungGen      total 33792K, used 33120K [0x00000000f2200000, 0x00000000f4400000, 0x0000000100000000)
  eden space 32768K, 100% used [0x00000000f2200000,0x00000000f4200000,0x00000000f4200000)
  from space 1024K, 34% used [0x00000000f4300000,0x00000000f4358000,0x00000000f4400000)
  to   space 1024K, 0% used [0x00000000f4200000,0x00000000f4200000,0x00000000f4300000)
 ParOldGen       total 19968K, used 1208K [0x00000000d6600000, 0x00000000d7980000, 0x00000000f2200000)
  object space 19968K, 6% used [0x00000000d6600000,0x00000000d672e010,0x00000000d7980000)
 PSPermGen       total 21504K, used 3480K [0x00000000cc000000, 0x00000000cd500000, 0x00000000d6600000)
  object space 21504K, 16% used [0x00000000cc000000,0x00000000cc3663a8,0x00000000cd500000)
Event: 0,865 GC heap after
Heap after GC invocations=5 (full 0):
 PSYoungGen      total 33792K, used 352K [0x00000000f2200000, 0x00000000f6300000, 0x0000000100000000)
  eden space 32768K, 0% used [0x00000000f2200000,0x00000000f2200000,0x00000000f4200000)
  from space 1024K, 34% used [0x00000000f4200000,0x00000000f4258000,0x00000000f4300000)
  to   space 512K, 0% used [0x00000000f6280000,0x00000000f6280000,0x00000000f6300000)
 ParOldGen       total 19968K, used 1208K [0x00000000d6600000, 0x00000000d7980000, 0x00000000f2200000)
  object space 19968K, 6% used [0x00000000d6600000,0x00000000d672e010,0x00000000d7980000)
 PSPermGen       total 21504K, used 3480K [0x00000000cc000000, 0x00000000cd500000, 0x00000000d6600000)
  object space 21504K, 16% used [0x00000000cc000000,0x00000000cc3663a8,0x00000000cd500000)
}
Event: 0,931 GC heap before
{Heap before GC invocations=6 (full 0):
 PSYoungGen      total 33792K, used 33120K [0x00000000f2200000, 0x00000000f6300000, 0x0000000100000000)
  eden space 32768K, 100% used [0x00000000f2200000,0x00000000f4200000,0x00000000f4200000)
  from space 1024K, 34% used [0x00000000f4200000,0x00000000f4258000,0x00000000f4300000)
  to   space 512K, 0% used [0x00000000f6280000,0x00000000f6280000,0x00000000f6300000)
 ParOldGen       total 19968K, used 1208K [0x00000000d6600000, 0x00000000d7980000, 0x00000000f2200000)
  object space 19968K, 6% used [0x00000000d6600000,0x00000000d672e010,0x00000000d7980000)
 PSPermGen       total 21504K, used 3480K [0x00000000cc000000, 0x00000000cd500000, 0x00000000d6600000)
  object space 21504K, 16% used [0x00000000cc000000,0x00000000cc3663a8,0x00000000cd500000)
Event: 0,932 GC heap after
Heap after GC invocations=6 (full 0):
 PSYoungGen      total 66048K, used 352K [0x00000000f2200000, 0x00000000f6300000, 0x0000000100000000)
  eden space 65536K, 0% used [0x00000000f2200000,0x00000000f2200000,0x00000000f6200000)
  from space 512K, 68% used [0x00000000f6280000,0x00000000f62d8000,0x00000000f6300000)
  to   space 512K, 0% used [0x00000000f6200000,0x00000000f6200000,0x00000000f6280000)
 ParOldGen       total 19968K, used 1208K [0x00000000d6600000, 0x00000000d7980000, 0x00000000f2200000)
  object space 19968K, 6% used [0x00000000d6600000,0x00000000d672e010,0x00000000d7980000)
 PSPermGen       total 21504K, used 3480K [0x00000000cc000000, 0x00000000cd500000, 0x00000000d6600000)
  object space 21504K, 16% used [0x00000000cc000000,0x00000000cc3663a8,0x00000000cd500000)
}
Event: 19,862 GC heap before
{Heap before GC invocations=7 (full 0):
 PSYoungGen      total 66048K, used 65888K [0x00000000f2200000, 0x00000000f6300000, 0x0000000100000000)
  eden space 65536K, 100% used [0x00000000f2200000,0x00000000f6200000,0x00000000f6200000)
  from space 512K, 68% used [0x00000000f6280000,0x00000000f62d8000,0x00000000f6300000)
  to   space 512K, 0% used [0x00000000f6200000,0x00000000f6200000,0x00000000f6280000)
 ParOldGen       total 19968K, used 1208K [0x00000000d6600000, 0x00000000d7980000, 0x00000000f2200000)
  object space 19968K, 6% used [0x00000000d6600000,0x00000000d672e010,0x00000000d7980000)
 PSPermGen       total 21504K, used 6872K [0x00000000cc000000, 0x00000000cd500000, 0x00000000d6600000)
  object space 21504K, 31% used [0x00000000cc000000,0x00000000cc6b60c0,0x00000000cd500000)

