# JRE version: OpenJDK Runtime Environment (7.0_79-b14) (build 1.7.0_79-b14)
# Java VM: OpenJDK 64-Bit Server VM (24.79-b02 mixed mode linux-amd64 compressed oops)
Heap
 PSYoungGen      total 33280K, used 32K [0x00000000f2200000, 0x00000000f4300000, 0x0000000100000000)
  eden space 32768K, 0% used [0x00000000f2200000,0x00000000f2200000,0x00000000f4200000)
  from space 512K, 6% used [0x00000000f4200000,0x00000000f4208000,0x00000000f4280000)
  to   space 512K, 0% used [0x00000000f4280000,0x00000000f4280000,0x00000000f4300000)
 ParOldGen       total 19968K, used 1512K [0x00000000d6600000, 0x00000000d7980000, 0x00000000f2200000)
  object space 19968K, 7% used [0x00000000d6600000,0x00000000d677a060,0x00000000d7980000)
 PSPermGen       total 21504K, used 3523K [0x00000000cc000000, 0x00000000cd500000, 0x00000000d6600000)
  object space 21504K, 16% used [0x00000000cc000000,0x00000000cc370d90,0x00000000cd500000)
GC Heap History (10 events):
Event: 0,603 GC heap after
Heap after GC invocations=2 (full 0):
 PSYoungGen      total 9216K, used 352K [0x00000000f2200000, 0x00000000f3400000, 0x0000000100000000)
  eden space 8192K, 0% used [0x00000000f2200000,0x00000000f2200000,0x00000000f2a00000)
  from space 1024K, 34% used [0x00000000f2b00000,0x00000000f2b58000,0x00000000f2c00000)
  to   space 1024K, 0% used [0x00000000f2a00000,0x00000000f2a00000,0x00000000f2b00000)
 ParOldGen       total 19968K, used 1200K [0x00000000d6600000, 0x00000000d7980000, 0x00000000f2200000)
  object space 19968K, 6% used [0x00000000d6600000,0x00000000d672c010,0x00000000d7980000)
 PSPermGen       total 21504K, used 3520K [0x00000000cc000000, 0x00000000cd500000, 0x00000000d6600000)
  object space 21504K, 16% used [0x00000000cc000000,0x00000000cc3700c8,0x00000000cd500000)
}
Event: 0,677 GC heap before
{Heap before GC invocations=3 (full 0):
 PSYoungGen      total 9216K, used 8544K [0x00000000f2200000, 0x00000000f3400000, 0x0000000100000000)
  eden space 8192K, 100% used [0x00000000f2200000,0x00000000f2a00000,0x00000000f2a00000)
  from space 1024K, 34% used [0x00000000f2b00000,0x00000000f2b58000,0x00000000f2c00000)
  to   space 1024K, 0% used [0x00000000f2a00000,0x00000000f2a00000,0x00000000f2b00000)
 ParOldGen       total 19968K, used 1200K [0x00000000d6600000, 0x00000000d7980000, 0x00000000f2200000)
  object space 19968K, 6% used [0x00000000d6600000,0x00000000d672c010,0x00000000d7980000)
 PSPermGen       total 21504K, used 3520K [0x00000000cc000000, 0x00000000cd500000, 0x00000000d6600000)
  object space 21504K, 16% used [0x00000000cc000000,0x00000000cc3703e0,0x00000000cd500000)
Event: 0,680 GC heap after
Heap after GC invocations=3 (full 0):
 PSYoungGen      total 9216K, used 352K [0x00000000f2200000, 0x00000000f3400000, 0x0000000100000000)
  eden space 8192K, 0% used [0x00000000f2200000,0x00000000f2200000,0x00000000f2a00000)
  from space 1024K, 34% used [0x00000000f2a00000,0x00000000f2a58000,0x00000000f2b00000)
  to   space 1024K, 0% used [0x00000000f3300000,0x00000000f3300000,0x00000000f3400000)
 ParOldGen       total 19968K, used 1200K [0x00000000d6600000, 0x00000000d7980000, 0x00000000f2200000)
  object space 19968K, 6% used [0x00000000d6600000,0x00000000d672c010,0x00000000d7980000)
 PSPermGen       total 21504K, used 3520K [0x00000000cc000000, 0x00000000cd500000, 0x00000000d6600000)
  object space 21504K, 16% used [0x00000000cc000000,0x00000000cc3703e0,0x00000000cd500000)
}
Event: 0,713 GC heap before
{Heap before GC invocations=4 (full 0):
 PSYoungGen      total 9216K, used 8544K [0x00000000f2200000, 0x00000000f3400000, 0x0000000100000000)
  eden space 8192K, 100% used [0x00000000f2200000,0x00000000f2a00000,0x00000000f2a00000)
  from space 1024K, 34% used [0x00000000f2a00000,0x00000000f2a58000,0x00000000f2b00000)
  to   space 1024K, 0% used [0x00000000f3300000,0x00000000f3300000,0x00000000f3400000)
 ParOldGen       total 19968K, used 1200K [0x00000000d6600000, 0x00000000d7980000, 0x00000000f2200000)
  object space 19968K, 6% used [0x00000000d6600000,0x00000000d672c010,0x00000000d7980000)
 PSPermGen       total 21504K, used 3520K [0x00000000cc000000, 0x00000000cd500000, 0x00000000d6600000)
  object space 21504K, 16% used [0x00000000cc000000,0x00000000cc3703e0,0x00000000cd500000)
Event: 0,715 GC heap after
Heap after GC invocations=4 (full 0):
 PSYoungGen      total 17408K, used 352K [0x00000000f2200000, 0x00000000f3400000, 0x0000000100000000)
  eden space 16384K, 0% used [0x00000000f2200000,0x00000000f2200000,0x00000000f3200000)
  from space 1024K, 34% used [0x00000000f3300000,0x00000000f3358000,0x00000000f3400000)
  to   space 1024K, 0% used [0x00000000f3200000,0x00000000f3200000,0x00000000f3300000)
 ParOldGen       total 19968K, used 1200K [0x00000000d6600000, 0x00000000d7980000, 0x00000000f2200000)
  object space 19968K, 6% used [0x00000000d6600000,0x00000000d672c010,0x00000000d7980000)
 PSPermGen       total 21504K, used 3520K [0x00000000cc000000, 0x00000000cd500000, 0x00000000d6600000)
  object space 21504K, 16% used [0x00000000cc000000,0x00000000cc3703e0,0x00000000cd500000)
}
Event: 0,775 GC heap before
{Heap before GC invocations=5 (full 0):
 PSYoungGen      total 17408K, used 16736K [0x00000000f2200000, 0x00000000f3400000, 0x0000000100000000)
  eden space 16384K, 100% used [0x00000000f2200000,0x00000000f3200000,0x00000000f3200000)
  from space 1024K, 34% used [0x00000000f3300000,0x00000000f3358000,0x00000000f3400000)
  to   space 1024K, 0% used [0x00000000f3200000,0x00000000f3200000,0x00000000f3300000)
 ParOldGen       total 19968K, used 1200K [0x00000000d6600000, 0x00000000d7980000, 0x00000000f2200000)
  object space 19968K, 6% used [0x00000000d6600000,0x00000000d672c010,0x00000000d7980000)
 PSPermGen       total 21504K, used 3520K [0x00000000cc000000, 0x00000000cd500000, 0x00000000d6600000)
  object space 21504K, 16% used [0x00000000cc000000,0x00000000cc3703e0,0x00000000cd500000)
Event: 0,777 GC heap after
Heap after GC invocations=5 (full 0):
 PSYoungGen      total 17408K, used 352K [0x00000000f2200000, 0x00000000f4300000, 0x0000000100000000)
  eden space 16384K, 0% used [0x00000000f2200000,0x00000000f2200000,0x00000000f3200000)
  from space 1024K, 34% used [0x00000000f3200000,0x00000000f3258000,0x00000000f3300000)
  to   space 512K, 0% used [0x00000000f4280000,0x00000000f4280000,0x00000000f4300000)
 ParOldGen       total 19968K, used 1200K [0x00000000d6600000, 0x00000000d7980000, 0x00000000f2200000)
  object space 19968K, 6% used [0x00000000d6600000,0x00000000d672c010,0x00000000d7980000)
 PSPermGen       total 21504K, used 3520K [0x00000000cc000000, 0x00000000cd500000, 0x00000000d6600000)
  object space 21504K, 16% used [0x00000000cc000000,0x00000000cc3703e0,0x00000000cd500000)
}
Event: 0,989 GC heap before
{Heap before GC invocations=6 (full 0):
 PSYoungGen      total 17408K, used 16736K [0x00000000f2200000, 0x00000000f4300000, 0x0000000100000000)
  eden space 16384K, 100% used [0x00000000f2200000,0x00000000f3200000,0x00000000f3200000)
  from space 1024K, 34% used [0x00000000f3200000,0x00000000f3258000,0x00000000f3300000)
  to   space 512K, 0% used [0x00000000f4280000,0x00000000f4280000,0x00000000f4300000)
 ParOldGen       total 19968K, used 1200K [0x00000000d6600000, 0x00000000d7980000, 0x00000000f2200000)
  object space 19968K, 6% used [0x00000000d6600000,0x00000000d672c010,0x00000000d7980000)
 PSPermGen       total 21504K, used 3523K [0x00000000cc000000, 0x00000000cd500000, 0x00000000d6600000)
  object space 21504K, 16% used [0x00000000cc000000,0x00000000cc370d90,0x00000000cd500000)
Event: 0,991 GC heap after
Heap after GC invocations=6 (full 0):
 PSYoungGen      total 33280K, used 352K [0x00000000f2200000, 0x00000000f4300000, 0x0000000100000000)
  eden space 32768K, 0% used [0x00000000f2200000,0x00000000f2200000,0x00000000f4200000)
  from space 512K, 68% used [0x00000000f4280000,0x00000000f42d8000,0x00000000f4300000)
  to   space 512K, 0% used [0x00000000f4200000,0x00000000f4200000,0x00000000f4280000)
 ParOldGen       total 19968K, used 1200K [0x00000000d6600000, 0x00000000d7980000, 0x00000000f2200000)
  object space 19968K, 6% used [0x00000000d6600000,0x00000000d672c010,0x00000000d7980000)
 PSPermGen       total 21504K, used 3523K [0x00000000cc000000, 0x00000000cd500000, 0x00000000d6600000)
  object space 21504K, 16% used [0x00000000cc000000,0x00000000cc370d90,0x00000000cd500000)
}
Event: 1,348 GC heap before
{Heap before GC invocations=7 (full 0):
 PSYoungGen      total 33280K, used 33120K [0x00000000f2200000, 0x00000000f4300000, 0x0000000100000000)
  eden space 32768K, 100% used [0x00000000f2200000,0x00000000f4200000,0x00000000f4200000)
  from space 512K, 68% used [0x00000000f4280000,0x00000000f42d8000,0x00000000f4300000)
  to   space 512K, 0% used [0x00000000f4200000,0x00000000f4200000,0x00000000f4280000)
 ParOldGen       total 19968K, used 1200K [0x00000000d6600000, 0x00000000d7980000, 0x00000000f2200000)
  object space 19968K, 6% used [0x00000000d6600000,0x00000000d672c010,0x00000000d7980000)
 PSPermGen       total 21504K, used 3523K [0x00000000cc000000, 0x00000000cd500000, 0x00000000d6600000)
  object space 21504K, 16% used [0x00000000cc000000,0x00000000cc370d90,0x00000000cd500000)

