# JRE version: OpenJDK Runtime Environment (7.0_79-b14) (build 1.7.0_79-b14)
# Java VM: OpenJDK 64-Bit Server VM (24.79-b02 mixed mode linux-amd64 compressed oops)
Heap
 PSYoungGen      total 66048K, used 42483K [0x00000000f2200000, 0x00000000f9080000, 0x0000000100000000)
  eden space 23552K, 0% used [0x00000000f2200000,0x00000000f2200000,0x00000000f3900000)
  from space 42496K, 99% used [0x00000000f6700000,0x00000000f907cf50,0x00000000f9080000)
  to   space 37888K, 0% used [0x00000000f3900000,0x00000000f3900000,0x00000000f5e00000)
 ParOldGen       total 116224K, used 51224K [0x00000000d6600000, 0x00000000dd780000, 0x00000000f2200000)
  object space 116224K, 44% used [0x00000000d6600000,0x00000000d98060f0,0x00000000dd780000)
 PSPermGen       total 35328K, used 16888K [0x00000000cc000000, 0x00000000ce280000, 0x00000000d6600000)
  object space 35328K, 47% used [0x00000000cc000000,0x00000000cd07e218,0x00000000ce280000)
GC Heap History (10 events):
Event: 3,184 GC heap after
Heap after GC invocations=8 (full 3):
 PSYoungGen      total 28672K, used 0K [0x00000000f2200000, 0x00000000f7100000, 0x0000000100000000)
  eden space 27648K, 0% used [0x00000000f2200000,0x00000000f2200000,0x00000000f3d00000)
  from space 1024K, 0% used [0x00000000f4200000,0x00000000f4200000,0x00000000f4300000)
  to   space 26624K, 0% used [0x00000000f5700000,0x00000000f5700000,0x00000000f7100000)
 ParOldGen       total 116224K, used 49331K [0x00000000d6600000, 0x00000000dd780000, 0x00000000f2200000)
  object space 116224K, 42% used [0x00000000d6600000,0x00000000d962cd40,0x00000000dd780000)
 PSPermGen       total 35328K, used 16434K [0x00000000cc000000, 0x00000000ce280000, 0x00000000d6600000)
  object space 35328K, 46% used [0x00000000cc000000,0x00000000cd00c9e8,0x00000000ce280000)
}
Event: 3,429 GC heap before
{Heap before GC invocations=9 (full 3):
 PSYoungGen      total 28672K, used 27648K [0x00000000f2200000, 0x00000000f7100000, 0x0000000100000000)
  eden space 27648K, 100% used [0x00000000f2200000,0x00000000f3d00000,0x00000000f3d00000)
  from space 1024K, 0% used [0x00000000f4200000,0x00000000f4200000,0x00000000f4300000)
  to   space 26624K, 0% used [0x00000000f5700000,0x00000000f5700000,0x00000000f7100000)
 ParOldGen       total 116224K, used 49573K [0x00000000d6600000, 0x00000000dd780000, 0x00000000f2200000)
  object space 116224K, 42% used [0x00000000d6600000,0x00000000d96696f8,0x00000000dd780000)
 PSPermGen       total 35328K, used 16851K [0x00000000cc000000, 0x00000000ce280000, 0x00000000d6600000)
  object space 35328K, 47% used [0x00000000cc000000,0x00000000cd074fe0,0x00000000ce280000)
Event: 3,497 GC heap after
Heap after GC invocations=9 (full 3):
 PSYoungGen      total 49664K, used 23473K [0x00000000f2200000, 0x00000000f7e00000, 0x0000000100000000)
  eden space 23040K, 0% used [0x00000000f2200000,0x00000000f2200000,0x00000000f3880000)
  from space 26624K, 88% used [0x00000000f5700000,0x00000000f6dec518,0x00000000f7100000)
  to   space 31232K, 0% used [0x00000000f3880000,0x00000000f3880000,0x00000000f5700000)
 ParOldGen       total 116224K, used 49573K [0x00000000d6600000, 0x00000000dd780000, 0x00000000f2200000)
  object space 116224K, 42% used [0x00000000d6600000,0x00000000d96696f8,0x00000000dd780000)
 PSPermGen       total 35328K, used 16851K [0x00000000cc000000, 0x00000000ce280000, 0x00000000d6600000)
  object space 35328K, 47% used [0x00000000cc000000,0x00000000cd074fe0,0x00000000ce280000)
}
Event: 4,257 GC heap before
{Heap before GC invocations=10 (full 3):
 PSYoungGen      total 49664K, used 46513K [0x00000000f2200000, 0x00000000f7e00000, 0x0000000100000000)
  eden space 23040K, 100% used [0x00000000f2200000,0x00000000f3880000,0x00000000f3880000)
  from space 26624K, 88% used [0x00000000f5700000,0x00000000f6dec518,0x00000000f7100000)
  to   space 31232K, 0% used [0x00000000f3880000,0x00000000f3880000,0x00000000f5700000)
 ParOldGen       total 116224K, used 49577K [0x00000000d6600000, 0x00000000dd780000, 0x00000000f2200000)
  object space 116224K, 42% used [0x00000000d6600000,0x00000000d966a4d0,0x00000000dd780000)
 PSPermGen       total 35328K, used 16883K [0x00000000cc000000, 0x00000000ce280000, 0x00000000d6600000)
  object space 35328K, 47% used [0x00000000cc000000,0x00000000cd07cfd8,0x00000000ce280000)
Event: 4,317 GC heap after
Heap after GC invocations=10 (full 3):
 PSYoungGen      total 54272K, used 26328K [0x00000000f2200000, 0x00000000f8080000, 0x0000000100000000)
  eden space 23040K, 0% used [0x00000000f2200000,0x00000000f2200000,0x00000000f3880000)
  from space 31232K, 84% used [0x00000000f3880000,0x00000000f52361e0,0x00000000f5700000)
  to   space 35328K, 0% used [0x00000000f5e00000,0x00000000f5e00000,0x00000000f8080000)
 ParOldGen       total 116224K, used 49577K [0x00000000d6600000, 0x00000000dd780000, 0x00000000f2200000)
  object space 116224K, 42% used [0x00000000d6600000,0x00000000d966a4d0,0x00000000dd780000)
 PSPermGen       total 35328K, used 16883K [0x00000000cc000000, 0x00000000ce280000, 0x00000000d6600000)
  object space 35328K, 47% used [0x00000000cc000000,0x00000000cd07cfd8,0x00000000ce280000)
}
Event: 4,325 GC heap before
{Heap before GC invocations=11 (full 3):
 PSYoungGen      total 54272K, used 27169K [0x00000000f2200000, 0x00000000f8080000, 0x0000000100000000)
  eden space 23040K, 3% used [0x00000000f2200000,0x00000000f22d2220,0x00000000f3880000)
  from space 31232K, 84% used [0x00000000f3880000,0x00000000f52361e0,0x00000000f5700000)
  to   space 35328K, 0% used [0x00000000f5e00000,0x00000000f5e00000,0x00000000f8080000)
 ParOldGen       total 116224K, used 49577K [0x00000000d6600000, 0x00000000dd780000, 0x00000000f2200000)
  object space 116224K, 42% used [0x00000000d6600000,0x00000000d966a4d0,0x00000000dd780000)
 PSPermGen       total 35328K, used 16883K [0x00000000cc000000, 0x00000000ce280000, 0x00000000d6600000)
  object space 35328K, 47% used [0x00000000cc000000,0x00000000cd07cfd8,0x00000000ce280000)
Event: 4,406 GC heap after
Heap after GC invocations=11 (full 3):
 PSYoungGen      total 58880K, used 26472K [0x00000000f2200000, 0x00000000f8a80000, 0x0000000100000000)
  eden space 23552K, 0% used [0x00000000f2200000,0x00000000f2200000,0x00000000f3900000)
  from space 35328K, 74% used [0x00000000f5e00000,0x00000000f77da0c0,0x00000000f8080000)
  to   space 37888K, 0% used [0x00000000f3900000,0x00000000f3900000,0x00000000f5e00000)
 ParOldGen       total 116224K, used 49577K [0x00000000d6600000, 0x00000000dd780000, 0x00000000f2200000)
  object space 116224K, 42% used [0x00000000d6600000,0x00000000d966a4d0,0x00000000dd780000)
 PSPermGen       total 35328K, used 16883K [0x00000000cc000000, 0x00000000ce280000, 0x00000000d6600000)
  object space 35328K, 47% used [0x00000000cc000000,0x00000000cd07cfd8,0x00000000ce280000)
}
Event: 4,819 GC heap before
{Heap before GC invocations=12 (full 3):
 PSYoungGen      total 58880K, used 50024K [0x00000000f2200000, 0x00000000f8a80000, 0x0000000100000000)
  eden space 23552K, 100% used [0x00000000f2200000,0x00000000f3900000,0x00000000f3900000)
  from space 35328K, 74% used [0x00000000f5e00000,0x00000000f77da0c0,0x00000000f8080000)
  to   space 37888K, 0% used [0x00000000f3900000,0x00000000f3900000,0x00000000f5e00000)
 ParOldGen       total 116224K, used 49577K [0x00000000d6600000, 0x00000000dd780000, 0x00000000f2200000)
  object space 116224K, 42% used [0x00000000d6600000,0x00000000d966a4f0,0x00000000dd780000)
 PSPermGen       total 35328K, used 16885K [0x00000000cc000000, 0x00000000ce280000, 0x00000000d6600000)
  object space 35328K, 47% used [0x00000000cc000000,0x00000000cd07d560,0x00000000ce280000)
Event: 4,877 GC heap after
Heap after GC invocations=12 (full 3):
 PSYoungGen      total 61440K, used 33345K [0x00000000f2200000, 0x00000000f9080000, 0x0000000100000000)
  eden space 23552K, 0% used [0x00000000f2200000,0x00000000f2200000,0x00000000f3900000)
  from space 37888K, 88% used [0x00000000f3900000,0x00000000f59905e0,0x00000000f5e00000)
  to   space 42496K, 0% used [0x00000000f6700000,0x00000000f6700000,0x00000000f9080000)
 ParOldGen       total 116224K, used 49577K [0x00000000d6600000, 0x00000000dd780000, 0x00000000f2200000)
  object space 116224K, 42% used [0x00000000d6600000,0x00000000d966a4f0,0x00000000dd780000)
 PSPermGen       total 35328K, used 16885K [0x00000000cc000000, 0x00000000ce280000, 0x00000000d6600000)
  object space 35328K, 47% used [0x00000000cc000000,0x00000000cd07d560,0x00000000ce280000)
}
Event: 5,342 GC heap before
{Heap before GC invocations=13 (full 3):
 PSYoungGen      total 61440K, used 56897K [0x00000000f2200000, 0x00000000f9080000, 0x0000000100000000)
  eden space 23552K, 100% used [0x00000000f2200000,0x00000000f3900000,0x00000000f3900000)
  from space 37888K, 88% used [0x00000000f3900000,0x00000000f59905e0,0x00000000f5e00000)
  to   space 42496K, 0% used [0x00000000f6700000,0x00000000f6700000,0x00000000f9080000)
 ParOldGen       total 116224K, used 49840K [0x00000000d6600000, 0x00000000dd780000, 0x00000000f2200000)
  object space 116224K, 42% used [0x00000000d6600000,0x00000000d96ac0f0,0x00000000dd780000)
 PSPermGen       total 35328K, used 16888K [0x00000000cc000000, 0x00000000ce280000, 0x00000000d6600000)
  object space 35328K, 47% used [0x00000000cc000000,0x00000000cd07e218,0x00000000ce280000)

