# JRE version: OpenJDK Runtime Environment (7.0_79-b14) (build 1.7.0_79-b14)
# Java VM: OpenJDK 64-Bit Server VM (24.79-b02 mixed mode linux-amd64 compressed oops)
Heap
 PSYoungGen      total 17408K, used 384K [0x00000000f2200000, 0x00000000f3400000, 0x0000000100000000)
  eden space 16384K, 0% used [0x00000000f2200000,0x00000000f2200000,0x00000000f3200000)
  from space 1024K, 37% used [0x00000000f3200000,0x00000000f3260000,0x00000000f3300000)
  to   space 1024K, 0% used [0x00000000f3300000,0x00000000f3300000,0x00000000f3400000)
 ParOldGen       total 19968K, used 2408K [0x00000000d6600000, 0x00000000d7980000, 0x00000000f2200000)
  object space 19968K, 12% used [0x00000000d6600000,0x00000000d685a020,0x00000000d7980000)
 PSPermGen       total 21504K, used 3476K [0x00000000cc000000, 0x00000000cd500000, 0x00000000d6600000)
  object space 21504K, 16% used [0x00000000cc000000,0x00000000cc365130,0x00000000cd500000)
GC Heap History (9 events):
Event: 6,825 GC heap before
{Heap before GC invocations=1 (full 0):
 PSYoungGen      total 9216K, used 8192K [0x00000000f2200000, 0x00000000f2c00000, 0x0000000100000000)
  eden space 8192K, 100% used [0x00000000f2200000,0x00000000f2a00000,0x00000000f2a00000)
  from space 1024K, 0% used [0x00000000f2b00000,0x00000000f2b00000,0x00000000f2c00000)
  to   space 1024K, 0% used [0x00000000f2a00000,0x00000000f2a00000,0x00000000f2b00000)
 ParOldGen       total 19968K, used 0K [0x00000000d6600000, 0x00000000d7980000, 0x00000000f2200000)
  object space 19968K, 0% used [0x00000000d6600000,0x00000000d6600000,0x00000000d7980000)
 PSPermGen       total 21504K, used 3476K [0x00000000cc000000, 0x00000000cd500000, 0x00000000d6600000)
  object space 21504K, 16% used [0x00000000cc000000,0x00000000cc3650f0,0x00000000cd500000)
Event: 6,838 GC heap after
Heap after GC invocations=1 (full 0):
 PSYoungGen      total 9216K, used 416K [0x00000000f2200000, 0x00000000f2c00000, 0x0000000100000000)
  eden space 8192K, 0% used [0x00000000f2200000,0x00000000f2200000,0x00000000f2a00000)
  from space 1024K, 40% used [0x00000000f2a00000,0x00000000f2a68000,0x00000000f2b00000)
  to   space 1024K, 0% used [0x00000000f2b00000,0x00000000f2b00000,0x00000000f2c00000)
 ParOldGen       total 19968K, used 2400K [0x00000000d6600000, 0x00000000d7980000, 0x00000000f2200000)
  object space 19968K, 12% used [0x00000000d6600000,0x00000000d6858020,0x00000000d7980000)
 PSPermGen       total 21504K, used 3476K [0x00000000cc000000, 0x00000000cd500000, 0x00000000d6600000)
  object space 21504K, 16% used [0x00000000cc000000,0x00000000cc3650f0,0x00000000cd500000)
}
Event: 13,293 GC heap before
{Heap before GC invocations=2 (full 0):
 PSYoungGen      total 9216K, used 8608K [0x00000000f2200000, 0x00000000f2c00000, 0x0000000100000000)
  eden space 8192K, 100% used [0x00000000f2200000,0x00000000f2a00000,0x00000000f2a00000)
  from space 1024K, 40% used [0x00000000f2a00000,0x00000000f2a68000,0x00000000f2b00000)
  to   space 1024K, 0% used [0x00000000f2b00000,0x00000000f2b00000,0x00000000f2c00000)
 ParOldGen       total 19968K, used 2400K [0x00000000d6600000, 0x00000000d7980000, 0x00000000f2200000)
  object space 19968K, 12% used [0x00000000d6600000,0x00000000d6858020,0x00000000d7980000)
 PSPermGen       total 21504K, used 3476K [0x00000000cc000000, 0x00000000cd500000, 0x00000000d6600000)
  object space 21504K, 16% used [0x00000000cc000000,0x00000000cc3650f0,0x00000000cd500000)
Event: 13,952 GC heap after
Heap after GC invocations=2 (full 0):
 PSYoungGen      total 9216K, used 384K [0x00000000f2200000, 0x00000000f3400000, 0x0000000100000000)
  eden space 8192K, 0% used [0x00000000f2200000,0x00000000f2200000,0x00000000f2a00000)
  from space 1024K, 37% used [0x00000000f2b00000,0x00000000f2b60000,0x00000000f2c00000)
  to   space 1024K, 0% used [0x00000000f2a00000,0x00000000f2a00000,0x00000000f2b00000)
 ParOldGen       total 19968K, used 2400K [0x00000000d6600000, 0x00000000d7980000, 0x00000000f2200000)
  object space 19968K, 12% used [0x00000000d6600000,0x00000000d6858020,0x00000000d7980000)
 PSPermGen       total 21504K, used 3476K [0x00000000cc000000, 0x00000000cd500000, 0x00000000d6600000)
  object space 21504K, 16% used [0x00000000cc000000,0x00000000cc3650f0,0x00000000cd500000)
}
Event: 18,152 GC heap before
{Heap before GC invocations=3 (full 0):
 PSYoungGen      total 9216K, used 8576K [0x00000000f2200000, 0x00000000f3400000, 0x0000000100000000)
  eden space 8192K, 100% used [0x00000000f2200000,0x00000000f2a00000,0x00000000f2a00000)
  from space 1024K, 37% used [0x00000000f2b00000,0x00000000f2b60000,0x00000000f2c00000)
  to   space 1024K, 0% used [0x00000000f2a00000,0x00000000f2a00000,0x00000000f2b00000)
 ParOldGen       total 19968K, used 2400K [0x00000000d6600000, 0x00000000d7980000, 0x00000000f2200000)
  object space 19968K, 12% used [0x00000000d6600000,0x00000000d6858020,0x00000000d7980000)
 PSPermGen       total 21504K, used 3476K [0x00000000cc000000, 0x00000000cd500000, 0x00000000d6600000)
  object space 21504K, 16% used [0x00000000cc000000,0x00000000cc3650f0,0x00000000cd500000)
Event: 19,487 GC heap after
Heap after GC invocations=3 (full 0):
 PSYoungGen      total 9216K, used 352K [0x00000000f2200000, 0x00000000f3400000, 0x0000000100000000)
  eden space 8192K, 0% used [0x00000000f2200000,0x00000000f2200000,0x00000000f2a00000)
  from space 1024K, 34% used [0x00000000f2a00000,0x00000000f2a58000,0x00000000f2b00000)
  to   space 1024K, 0% used [0x00000000f3300000,0x00000000f3300000,0x00000000f3400000)
 ParOldGen       total 19968K, used 2408K [0x00000000d6600000, 0x00000000d7980000, 0x00000000f2200000)
  object space 19968K, 12% used [0x00000000d6600000,0x00000000d685a020,0x00000000d7980000)
 PSPermGen       total 21504K, used 3476K [0x00000000cc000000, 0x00000000cd500000, 0x00000000d6600000)
  object space 21504K, 16% used [0x00000000cc000000,0x00000000cc3650f0,0x00000000cd500000)
}
Event: 23,499 GC heap before
{Heap before GC invocations=4 (full 0):
 PSYoungGen      total 9216K, used 8544K [0x00000000f2200000, 0x00000000f3400000, 0x0000000100000000)
  eden space 8192K, 100% used [0x00000000f2200000,0x00000000f2a00000,0x00000000f2a00000)
  from space 1024K, 34% used [0x00000000f2a00000,0x00000000f2a58000,0x00000000f2b00000)
  to   space 1024K, 0% used [0x00000000f3300000,0x00000000f3300000,0x00000000f3400000)
 ParOldGen       total 19968K, used 2408K [0x00000000d6600000, 0x00000000d7980000, 0x00000000f2200000)
  object space 19968K, 12% used [0x00000000d6600000,0x00000000d685a020,0x00000000d7980000)
 PSPermGen       total 21504K, used 3476K [0x00000000cc000000, 0x00000000cd500000, 0x00000000d6600000)
  object space 21504K, 16% used [0x00000000cc000000,0x00000000cc3650f0,0x00000000cd500000)
Event: 25,485 GC heap after
Heap after GC invocations=4 (full 0):
 PSYoungGen      total 17408K, used 384K [0x00000000f2200000, 0x00000000f3400000, 0x0000000100000000)
  eden space 16384K, 0% used [0x00000000f2200000,0x00000000f2200000,0x00000000f3200000)
  from space 1024K, 37% used [0x00000000f3300000,0x00000000f3360000,0x00000000f3400000)
  to   space 1024K, 0% used [0x00000000f3200000,0x00000000f3200000,0x00000000f3300000)
 ParOldGen       total 19968K, used 2408K [0x00000000d6600000, 0x00000000d7980000, 0x00000000f2200000)
  object space 19968K, 12% used [0x00000000d6600000,0x00000000d685a020,0x00000000d7980000)
 PSPermGen       total 21504K, used 3476K [0x00000000cc000000, 0x00000000cd500000, 0x00000000d6600000)
  object space 21504K, 16% used [0x00000000cc000000,0x00000000cc3650f0,0x00000000cd500000)
}
Event: 42,289 GC heap before
{Heap before GC invocations=5 (full 0):
 PSYoungGen      total 17408K, used 16768K [0x00000000f2200000, 0x00000000f3400000, 0x0000000100000000)
  eden space 16384K, 100% used [0x00000000f2200000,0x00000000f3200000,0x00000000f3200000)
  from space 1024K, 37% used [0x00000000f3300000,0x00000000f3360000,0x00000000f3400000)
  to   space 1024K, 0% used [0x00000000f3200000,0x00000000f3200000,0x00000000f3300000)
 ParOldGen       total 19968K, used 2408K [0x00000000d6600000, 0x00000000d7980000, 0x00000000f2200000)
  object space 19968K, 12% used [0x00000000d6600000,0x00000000d685a020,0x00000000d7980000)
 PSPermGen       total 21504K, used 3476K [0x00000000cc000000, 0x00000000cd500000, 0x00000000d6600000)
  object space 21504K, 16% used [0x00000000cc000000,0x00000000cc365130,0x00000000cd500000)

