# JRE version: OpenJDK Runtime Environment (7.0_79-b14) (build 1.7.0_79-b14)
# Java VM: OpenJDK 64-Bit Server VM (24.79-b02 mixed mode linux-amd64 compressed oops)
Heap
 PSYoungGen      total 17408K, used 1008K [0x00000000f2200000, 0x00000000f3400000, 0x0000000100000000)
  eden space 16384K, 0% used [0x00000000f2200000,0x00000000f2200000,0x00000000f3200000)
  from space 1024K, 98% used [0x00000000f3200000,0x00000000f32fc010,0x00000000f3300000)
  to   space 1024K, 0% used [0x00000000f3300000,0x00000000f3300000,0x00000000f3400000)
 ParOldGen       total 19968K, used 16267K [0x00000000d6600000, 0x00000000d7980000, 0x00000000f2200000)
  object space 19968K, 81% used [0x00000000d6600000,0x00000000d75e2c30,0x00000000d7980000)
 PSPermGen       total 21504K, used 17053K [0x00000000cc000000, 0x00000000cd500000, 0x00000000d6600000)
  object space 21504K, 79% used [0x00000000cc000000,0x00000000cd0a7610,0x00000000cd500000)
GC Heap History (9 events):
Event: 1,121 GC heap before
{Heap before GC invocations=1 (full 0):
 PSYoungGen      total 9216K, used 7786K [0x00000000f2200000, 0x00000000f2c00000, 0x0000000100000000)
  eden space 8192K, 95% used [0x00000000f2200000,0x00000000f299a800,0x00000000f2a00000)
  from space 1024K, 0% used [0x00000000f2b00000,0x00000000f2b00000,0x00000000f2c00000)
  to   space 1024K, 0% used [0x00000000f2a00000,0x00000000f2a00000,0x00000000f2b00000)
 ParOldGen       total 19968K, used 0K [0x00000000d6600000, 0x00000000d7980000, 0x00000000f2200000)
  object space 19968K, 0% used [0x00000000d6600000,0x00000000d6600000,0x00000000d7980000)
 PSPermGen       total 21504K, used 9869K [0x00000000cc000000, 0x00000000cd500000, 0x00000000d6600000)
  object space 21504K, 45% used [0x00000000cc000000,0x00000000cc9a3718,0x00000000cd500000)
Event: 1,128 GC heap after
Heap after GC invocations=1 (full 0):
 PSYoungGen      total 9216K, used 1024K [0x00000000f2200000, 0x00000000f2c00000, 0x0000000100000000)
  eden space 8192K, 0% used [0x00000000f2200000,0x00000000f2200000,0x00000000f2a00000)
  from space 1024K, 100% used [0x00000000f2a00000,0x00000000f2b00000,0x00000000f2b00000)
  to   space 1024K, 0% used [0x00000000f2b00000,0x00000000f2b00000,0x00000000f2c00000)
 ParOldGen       total 19968K, used 1354K [0x00000000d6600000, 0x00000000d7980000, 0x00000000f2200000)
  object space 19968K, 6% used [0x00000000d6600000,0x00000000d6752958,0x00000000d7980000)
 PSPermGen       total 21504K, used 9869K [0x00000000cc000000, 0x00000000cd500000, 0x00000000d6600000)
  object space 21504K, 45% used [0x00000000cc000000,0x00000000cc9a3718,0x00000000cd500000)
}
Event: 1,833 GC heap before
{Heap before GC invocations=2 (full 0):
 PSYoungGen      total 9216K, used 9216K [0x00000000f2200000, 0x00000000f2c00000, 0x0000000100000000)
  eden space 8192K, 100% used [0x00000000f2200000,0x00000000f2a00000,0x00000000f2a00000)
  from space 1024K, 100% used [0x00000000f2a00000,0x00000000f2b00000,0x00000000f2b00000)
  to   space 1024K, 0% used [0x00000000f2b00000,0x00000000f2b00000,0x00000000f2c00000)
 ParOldGen       total 19968K, used 1354K [0x00000000d6600000, 0x00000000d7980000, 0x00000000f2200000)
  object space 19968K, 6% used [0x00000000d6600000,0x00000000d6752958,0x00000000d7980000)
 PSPermGen       total 21504K, used 14001K [0x00000000cc000000, 0x00000000cd500000, 0x00000000d6600000)
  object space 21504K, 65% used [0x00000000cc000000,0x00000000ccdac6b8,0x00000000cd500000)
Event: 1,840 GC heap after
Heap after GC invocations=2 (full 0):
 PSYoungGen      total 9216K, used 992K [0x00000000f2200000, 0x00000000f2c00000, 0x0000000100000000)
  eden space 8192K, 0% used [0x00000000f2200000,0x00000000f2200000,0x00000000f2a00000)
  from space 1024K, 96% used [0x00000000f2b00000,0x00000000f2bf8020,0x00000000f2c00000)
  to   space 1024K, 0% used [0x00000000f2a00000,0x00000000f2a00000,0x00000000f2b00000)
 ParOldGen       total 19968K, used 2839K [0x00000000d6600000, 0x00000000d7980000, 0x00000000f2200000)
  object space 19968K, 14% used [0x00000000d6600000,0x00000000d68c5d20,0x00000000d7980000)
 PSPermGen       total 21504K, used 14001K [0x00000000cc000000, 0x00000000cd500000, 0x00000000d6600000)
  object space 21504K, 65% used [0x00000000cc000000,0x00000000ccdac6b8,0x00000000cd500000)
}
Event: 2,493 GC heap before
{Heap before GC invocations=3 (full 0):
 PSYoungGen      total 9216K, used 9182K [0x00000000f2200000, 0x00000000f2c00000, 0x0000000100000000)
  eden space 8192K, 99% used [0x00000000f2200000,0x00000000f29ffbc0,0x00000000f2a00000)
  from space 1024K, 96% used [0x00000000f2b00000,0x00000000f2bf8020,0x00000000f2c00000)
  to   space 1024K, 0% used [0x00000000f2a00000,0x00000000f2a00000,0x00000000f2b00000)
 ParOldGen       total 19968K, used 2839K [0x00000000d6600000, 0x00000000d7980000, 0x00000000f2200000)
  object space 19968K, 14% used [0x00000000d6600000,0x00000000d68c5d20,0x00000000d7980000)
 PSPermGen       total 21504K, used 16133K [0x00000000cc000000, 0x00000000cd500000, 0x00000000d6600000)
  object space 21504K, 75% used [0x00000000cc000000,0x00000000ccfc1768,0x00000000cd500000)
Event: 2,515 GC heap after
Heap after GC invocations=3 (full 0):
 PSYoungGen      total 9216K, used 1024K [0x00000000f2200000, 0x00000000f3400000, 0x0000000100000000)
  eden space 8192K, 0% used [0x00000000f2200000,0x00000000f2200000,0x00000000f2a00000)
  from space 1024K, 100% used [0x00000000f2a00000,0x00000000f2b00000,0x00000000f2b00000)
  to   space 1024K, 0% used [0x00000000f3300000,0x00000000f3300000,0x00000000f3400000)
 ParOldGen       total 19968K, used 4747K [0x00000000d6600000, 0x00000000d7980000, 0x00000000f2200000)
  object space 19968K, 23% used [0x00000000d6600000,0x00000000d6aa2df8,0x00000000d7980000)
 PSPermGen       total 21504K, used 16133K [0x00000000cc000000, 0x00000000cd500000, 0x00000000d6600000)
  object space 21504K, 75% used [0x00000000cc000000,0x00000000ccfc1768,0x00000000cd500000)
}
Event: 2,716 GC heap before
{Heap before GC invocations=4 (full 0):
 PSYoungGen      total 9216K, used 9216K [0x00000000f2200000, 0x00000000f3400000, 0x0000000100000000)
  eden space 8192K, 100% used [0x00000000f2200000,0x00000000f2a00000,0x00000000f2a00000)
  from space 1024K, 100% used [0x00000000f2a00000,0x00000000f2b00000,0x00000000f2b00000)
  to   space 1024K, 0% used [0x00000000f3300000,0x00000000f3300000,0x00000000f3400000)
 ParOldGen       total 19968K, used 4747K [0x00000000d6600000, 0x00000000d7980000, 0x00000000f2200000)
  object space 19968K, 23% used [0x00000000d6600000,0x00000000d6aa2df8,0x00000000d7980000)
 PSPermGen       total 21504K, used 16526K [0x00000000cc000000, 0x00000000cd500000, 0x00000000d6600000)
  object space 21504K, 76% used [0x00000000cc000000,0x00000000cd023b50,0x00000000cd500000)
Event: 2,752 GC heap after
Heap after GC invocations=4 (full 0):
 PSYoungGen      total 17408K, used 1008K [0x00000000f2200000, 0x00000000f3400000, 0x0000000100000000)
  eden space 16384K, 0% used [0x00000000f2200000,0x00000000f2200000,0x00000000f3200000)
  from space 1024K, 98% used [0x00000000f3300000,0x00000000f33fc010,0x00000000f3400000)
  to   space 1024K, 0% used [0x00000000f3200000,0x00000000f3200000,0x00000000f3300000)
 ParOldGen       total 19968K, used 11600K [0x00000000d6600000, 0x00000000d7980000, 0x00000000f2200000)
  object space 19968K, 58% used [0x00000000d6600000,0x00000000d7154120,0x00000000d7980000)
 PSPermGen       total 21504K, used 16526K [0x00000000cc000000, 0x00000000cd500000, 0x00000000d6600000)
  object space 21504K, 76% used [0x00000000cc000000,0x00000000cd023b50,0x00000000cd500000)
}
Event: 17,717 GC heap before
{Heap before GC invocations=5 (full 0):
 PSYoungGen      total 17408K, used 14819K [0x00000000f2200000, 0x00000000f3400000, 0x0000000100000000)
  eden space 16384K, 84% used [0x00000000f2200000,0x00000000f2f7cf98,0x00000000f3200000)
  from space 1024K, 98% used [0x00000000f3300000,0x00000000f33fc010,0x00000000f3400000)
  to   space 1024K, 0% used [0x00000000f3200000,0x00000000f3200000,0x00000000f3300000)
 ParOldGen       total 19968K, used 11600K [0x00000000d6600000, 0x00000000d7980000, 0x00000000f2200000)
  object space 19968K, 58% used [0x00000000d6600000,0x00000000d7154120,0x00000000d7980000)
 PSPermGen       total 21504K, used 17053K [0x00000000cc000000, 0x00000000cd500000, 0x00000000d6600000)
  object space 21504K, 79% used [0x00000000cc000000,0x00000000cd0a7610,0x00000000cd500000)

